<?xml version="1.0" encoding="UTF-8"?>
<testng-results ignored="0" total="1" passed="1" failed="0" skipped="0">
  <reporter-output>
  </reporter-output>
  <suite started-at="2023-06-28T12:44:18 IST" name="Suite" finished-at="2023-06-28T12:46:05 IST" duration-ms="107405">
    <groups>
    </groups>
    <test started-at="2023-06-28T12:44:18 IST" name="Testonchrome" finished-at="2023-06-28T12:46:05 IST" duration-ms="107405">
      <class name="com.ind.Test.LeadPageTest">
        <test-method is-config="true" signature="login(java.lang.String)[pri:0, instance:com.ind.Test.LeadPageTest@6eb2384f]" started-at="2023-06-28T12:44:18 IST" name="login" finished-at="2023-06-28T12:45:07 IST" duration-ms="49035" status="PASS">
          <params>
            <param index="0">
              <value>
                <![CDATA[chrome]]>
              </value>
            </param>
          </params>
          <reporter-output>
          </reporter-output>
        </test-method> <!-- login -->
        <test-method signature="createlead(java.lang.String,java.lang.String,java.lang.String,java.lang.String,java.lang.String,java.lang.String,java.lang.String,java.lang.String)[pri:0, instance:com.ind.Test.LeadPageTest@6eb2384f]" started-at="2023-06-28T12:45:29 IST" name="createlead" data-provider="getLead" finished-at="2023-06-28T12:46:05 IST" duration-ms="36341" status="PASS">
          <params>
            <param index="0">
              <value>
                <![CDATA[Emma2]]>
              </value>
            </param>
            <param index="1">
              <value>
                <![CDATA[Cliff2]]>
              </value>
            </param>
            <param index="2">
              <value>
                <![CDATA[BMCCC]]>
              </value>
            </param>
            <param index="3">
              <value>
                <![CDATA[Balewadi12]]>
              </value>
            </param>
            <param index="4">
              <value>
                <![CDATA[Pune]]>
              </value>
            </param>
            <param index="5">
              <value>
                <![CDATA[Maharshtra]]>
              </value>
            </param>
            <param index="6">
              <value>
                <![CDATA[411033.0]]>
              </value>
            </param>
            <param index="7">
              <value>
                <![CDATA[India]]>
              </value>
            </param>
          </params>
          <reporter-output>
          </reporter-output>
        </test-method> <!-- createlead -->
      </class> <!-- com.ind.Test.LeadPageTest -->
    </test> <!-- Testonchrome -->
  </suite> <!-- Suite -->
</testng-results>
